<?xml version="1.0" encoding="UTF-8"?>
<!-- Generated by org.testng.reporters.JUnitXMLReporter -->
<testsuite ignored="0" hostname="DESKTOP-100B1FK" failures="0" tests="3" name="Default test" time="0.073" errors="0" timestamp="21 Sep 2021 11:24:37 GMT">
  <testcase classname="com.comcast.createcontactsTest.TC_01_ContactsTest" name="createContactTest" time="0.023"/>
  <testcase classname="com.comcast.createcontactsTest.TC_01_ContactsTest" name="createContactwithOrgTest" time="0.004"/>
  <testcase classname="com.comcast.createcontactsTest.TC_01_ContactsTest" name="deleteContactTest" time="0.002"/>
</testsuite> <!-- Default test -->
