<?xml version="1.0" encoding="UTF-8"?>
<testng-results ignored="0" total="3" passed="3" failed="0" skipped="0">
  <reporter-output>
  </reporter-output>
  <suite started-at="2021-09-21T11:24:36Z" name="Default suite" finished-at="2021-09-21T11:24:36Z" duration-ms="73">
    <groups>
    </groups>
    <test started-at="2021-09-21T11:24:36Z" name="Default test" finished-at="2021-09-21T11:24:36Z" duration-ms="73">
      <class name="com.comcast.createcontactsTest.TC_01_ContactsTest">
        <test-method signature="createContactTest()[pri:0, instance:com.comcast.createcontactsTest.TC_01_ContactsTest@2609b277]" started-at="2021-09-21T11:24:36Z" name="createContactTest" finished-at="2021-09-21T11:24:36Z" duration-ms="23" status="PASS">
          <reporter-output>
          </reporter-output>
        </test-method> <!-- createContactTest -->
        <test-method signature="createContactwithOrgTest()[pri:0, instance:com.comcast.createcontactsTest.TC_01_ContactsTest@2609b277]" started-at="2021-09-21T11:24:36Z" name="createContactwithOrgTest" finished-at="2021-09-21T11:24:36Z" duration-ms="4" status="PASS">
          <reporter-output>
          </reporter-output>
        </test-method> <!-- createContactwithOrgTest -->
        <test-method signature="deleteContactTest()[pri:0, instance:com.comcast.createcontactsTest.TC_01_ContactsTest@2609b277]" started-at="2021-09-21T11:24:36Z" name="deleteContactTest" finished-at="2021-09-21T11:24:36Z" duration-ms="2" status="PASS">
          <reporter-output>
          </reporter-output>
        </test-method> <!-- deleteContactTest -->
      </class> <!-- com.comcast.createcontactsTest.TC_01_ContactsTest -->
    </test> <!-- Default test -->
  </suite> <!-- Default suite -->
</testng-results>
